[08:10:35.733] [INFO] storybook v10.1.4
[08:10:36.011] [DEBUG] Getting package.json info for /Users/simon/dev/typewriter/package.json...
[08:10:36.012] [WARN] You are currently using Storybook [1m10.1.4[22m but you have packages which are incompatible with it:

- @storybook/addon-essentials@8.6.14 which depends on 8.6.14
 Repo: https://github.com/storybookjs/storybook/tree/next/code/addons/essentials
- @storybook/addon-interactions@8.6.14 which depends on 8.6.14
 Repo: https://github.com/storybookjs/storybook/tree/next/code/addons/interactions

Please consider updating your packages or contacting the maintainers for compatibility details.

For more details on compatibility guidance, see:
https://github.com/storybookjs/storybook/issues/32836
[08:10:36.022] [ERROR] [38;2;241;97;97mSB_CORE-SERVER_0002 (CriticalPresetLoadError): Storybook failed to load the following preset: @storybook/react-vite/preset.

Please check whether your setup is correct, the Storybook dependencies (and their peer dependencies) are installed correctly and there are no package version clashes.

If you believe this is a bug, please open an issue on Github.

Error [ERR_MODULE_NOT_FOUND]: Cannot find package '@storybook/react-vite' imported from /Users/simon/dev/node_modules/.pnpm/storybook@10.1.4_@testing-library+dom@10.4.1_prettier@3.6.2_react-dom@19.2.0_react@19.2.0__react@19.2.0/node_modules/storybook/dist/_node-chunks/chunk-Q6B5LJGA.js
    at Object.getPackageJSONURL (node:internal/modules/package_json_reader:316:9)
    at packageResolve (node:internal/modules/esm/resolve:768:81)
    at moduleResolve (node:internal/modules/esm/resolve:858:18)
    at defaultResolve (node:internal/modules/esm/resolve:990:11)
    at nextResolve (node:internal/modules/esm/hooks:785:28)
    at AsyncLoaderHooksOnLoaderHookWorker.resolve (node:internal/modules/esm/hooks:271:30)
    at MessagePort.handleMessage (node:internal/modules/esm/worker:251:24)
    at [nodejs.internal.kHybridDispatch] (node:internal/event_target:845:20)
    at MessagePort.<anonymous> (node:internal/per_context/messageport:23:28)

More info: 
[39m
    at loadPreset (file:///Users/simon/dev/node_modules/.pnpm/storybook@10.1.4_@testing-library+dom@10.4.1_prettier@3.6.2_react-dom@19.2.0_react@19.2.0__react@19.2.0/node_modules/storybook/dist/_node-chunks/chunk-QZJSO2TW.js:10101:13)
    at async Promise.all (index 0)
    at async loadPresets (file:///Users/simon/dev/node_modules/.pnpm/storybook@10.1.4_@testing-library+dom@10.4.1_prettier@3.6.2_react-dom@19.2.0_react@19.2.0__react@19.2.0/node_modules/storybook/dist/_node-chunks/chunk-QZJSO2TW.js:10110:73)
    at async getPresets (file:///Users/simon/dev/node_modules/.pnpm/storybook@10.1.4_@testing-library+dom@10.4.1_prettier@3.6.2_react-dom@19.2.0_react@19.2.0__react@19.2.0/node_modules/storybook/dist/_node-chunks/chunk-QZJSO2TW.js:10141:23)
    at async buildDevStandalone (file:///Users/simon/dev/node_modules/.pnpm/storybook@10.1.4_@testing-library+dom@10.4.1_prettier@3.6.2_react-dom@19.2.0_react@19.2.0__react@19.2.0/node_modules/storybook/dist/core-server/index.js:7537:17)
    at async withTelemetry (file:///Users/simon/dev/node_modules/.pnpm/storybook@10.1.4_@testing-library+dom@10.4.1_prettier@3.6.2_react-dom@19.2.0_react@19.2.0__react@19.2.0/node_modules/storybook/dist/_node-chunks/chunk-6KX7N5UF.js:205:12)
    at async dev (file:///Users/simon/dev/node_modules/.pnpm/storybook@10.1.4_@testing-library+dom@10.4.1_prettier@3.6.2_react-dom@19.2.0_react@19.2.0__react@19.2.0/node_modules/storybook/dist/bin/core.js:2734:3)
    at async _Command.<anonymous> (file:///Users/simon/dev/node_modules/.pnpm/storybook@10.1.4_@testing-library+dom@10.4.1_prettier@3.6.2_react-dom@19.2.0_react@19.2.0__react@19.2.0/node_modules/storybook/dist/bin/core.js:2801:92)
[08:10:36.023] [WARN] Broken build, fix the error above.
You may need to refresh the browser.